Connecting to database specified by database.yml
Connecting to database specified by database.yml
Connecting to database specified by database.yml
Connecting to database specified by database.yml
Connecting to database specified by database.yml
  [1m[36m (0.1ms)[0m  [1mselect sqlite_version(*)[0m
  [1m[35m (1.0ms)[0m  CREATE TABLE "schema_migrations" ("version" varchar(255) NOT NULL) 
  [1m[36m (0.8ms)[0m  [1mCREATE UNIQUE INDEX "unique_schema_migrations" ON "schema_migrations" ("version")[0m
  [1m[35m (0.1ms)[0m  SELECT "schema_migrations"."version" FROM "schema_migrations" 
Migrating to CreateResourceA (20160212213202)
  [1m[36m (0.0ms)[0m  [1mbegin transaction[0m
  [1m[35m (0.4ms)[0m  CREATE TABLE "resource_a" ("id" INTEGER PRIMARY KEY AUTOINCREMENT NOT NULL, "created_at" datetime NOT NULL, "updated_at" datetime NOT NULL, "explicit_attr" varchar(255), "implicit_attr" varchar(255), "custom_attr" varchar(255), "nested_accessor" varchar(255), "dynamic_accessor" varchar(255), "private_accessor" varchar(255), "aliased_accessor" varchar(255), "from_accessor" varchar(255), "to_accessor" varchar(255), "compound_accessor" varchar(255), "nested_compound_accessor" varchar(255), "unexposed_attr" varchar(255)) 
  [1m[36m (0.1ms)[0m  [1mINSERT INTO "schema_migrations" ("version") VALUES ('20160212213202')[0m
  [1m[35m (0.5ms)[0m  commit transaction
Migrating to CreateResourceB (20160212213438)
  [1m[36m (0.0ms)[0m  [1mbegin transaction[0m
  [1m[35m (0.1ms)[0m  CREATE TABLE "resource_a" ("id" INTEGER PRIMARY KEY AUTOINCREMENT NOT NULL, "created_at" datetime NOT NULL, "updated_at" datetime NOT NULL, "explicit_attr" varchar(255), "implicit_attr" varchar(255), "custom_attr" varchar(255), "nested_accessor" varchar(255), "dynamic_accessor" varchar(255), "private_accessor" varchar(255), "aliased_accessor" varchar(255), "from_accessor" varchar(255), "to_accessor" varchar(255), "compound_accessor" varchar(255), "nested_compound_accessor" varchar(255), "unexposed_attr" varchar(255)) 
SQLite3::SQLException: table "resource_a" already exists: CREATE TABLE "resource_a" ("id" INTEGER PRIMARY KEY AUTOINCREMENT NOT NULL, "created_at" datetime NOT NULL, "updated_at" datetime NOT NULL, "explicit_attr" varchar(255), "implicit_attr" varchar(255), "custom_attr" varchar(255), "nested_accessor" varchar(255), "dynamic_accessor" varchar(255), "private_accessor" varchar(255), "aliased_accessor" varchar(255), "from_accessor" varchar(255), "to_accessor" varchar(255), "compound_accessor" varchar(255), "nested_compound_accessor" varchar(255), "unexposed_attr" varchar(255)) 
  [1m[36m (0.0ms)[0m  [1mrollback transaction[0m
Connecting to database specified by database.yml
  [1m[36m (0.1ms)[0m  [1mSELECT "schema_migrations"."version" FROM "schema_migrations" [0m
Migrating to CreateResourceA (20160212213202)
Migrating to CreateResourceB (20160212213438)
  [1m[35m (0.0ms)[0m  select sqlite_version(*)
  [1m[36m (0.0ms)[0m  [1mbegin transaction[0m
  [1m[35m (0.4ms)[0m  CREATE TABLE "resource_b" ("id" INTEGER PRIMARY KEY AUTOINCREMENT NOT NULL, "created_at" datetime NOT NULL, "updated_at" datetime NOT NULL, "explicit_attr" varchar(255), "implicit_attr" varchar(255), "custom_attr" varchar(255), "nested_accessor" varchar(255), "dynamic_accessor" varchar(255), "private_accessor" varchar(255), "aliased_accessor" varchar(255), "from_accessor" varchar(255), "to_accessor" varchar(255), "compound_accessor" varchar(255), "nested_compound_accessor" varchar(255), "unexposed_attr" varchar(255)) 
  [1m[36m (0.1ms)[0m  [1mINSERT INTO "schema_migrations" ("version") VALUES ('20160212213438')[0m
  [1m[35m (2.2ms)[0m  commit transaction
  [1m[36m (0.1ms)[0m  [1mSELECT "schema_migrations"."version" FROM "schema_migrations" [0m
Connecting to database specified by database.yml
Connecting to database specified by database.yml
Connecting to database specified by database.yml
Connecting to database specified by database.yml
  [1m[36m (0.1ms)[0m  [1mSELECT "schema_migrations"."version" FROM "schema_migrations" [0m
Migrating to CreateResourceA (20160212213202)
Migrating to CreateResourceB (20160212213438)
  [1m[35m (0.0ms)[0m  select sqlite_version(*)
  [1m[36m (0.1ms)[0m  [1mSELECT "schema_migrations"."version" FROM "schema_migrations" [0m
Connecting to database specified by database.yml
  [1m[36m (0.1ms)[0m  [1mSELECT "schema_migrations"."version" FROM "schema_migrations" [0m
  [1m[35m (0.1ms)[0m  SELECT "schema_migrations"."version" FROM "schema_migrations" 
Migrating to CreateResourceB (20160212213438)
  [1m[36m (0.0ms)[0m  [1mselect sqlite_version(*)[0m
  [1m[35m (0.0ms)[0m  begin transaction
  [1m[36m (0.7ms)[0m  [1mDROP TABLE "resource_b"[0m
  [1m[35m (0.1ms)[0m  DELETE FROM "schema_migrations" WHERE "schema_migrations"."version" = '20160212213438'
  [1m[36m (1.9ms)[0m  [1mcommit transaction[0m
  [1m[35m (0.1ms)[0m  SELECT "schema_migrations"."version" FROM "schema_migrations" 
Connecting to database specified by database.yml
  [1m[36m (0.1ms)[0m  [1mSELECT "schema_migrations"."version" FROM "schema_migrations" [0m
Migrating to CreateResourceA (20160212213202)
Migrating to CreateResourceB (20160212213438)
  [1m[35m (0.0ms)[0m  select sqlite_version(*)
  [1m[36m (0.0ms)[0m  [1mbegin transaction[0m
  [1m[35m (0.6ms)[0m  CREATE TABLE "resource_b" ("id" INTEGER PRIMARY KEY AUTOINCREMENT NOT NULL, "created_at" datetime NOT NULL, "updated_at" datetime NOT NULL, "explicit_attr" varchar(255), "implicit_attr" varchar(255), "custom_attr" varchar(255), "nested_accessor" varchar(255), "dynamic_accessor" varchar(255), "private_accessor" varchar(255), "aliased_accessor" varchar(255), "from_accessor" varchar(255), "to_accessor" varchar(255), "compound_accessor" varchar(255), "nested_compound_accessor" varchar(255), "unexposed_attr" varchar(255)) 
  [1m[36m (0.1ms)[0m  [1mINSERT INTO "schema_migrations" ("version") VALUES ('20160212213438')[0m
  [1m[35m (2.4ms)[0m  commit transaction
  [1m[36m (0.1ms)[0m  [1mSELECT "schema_migrations"."version" FROM "schema_migrations" [0m
Connecting to database specified by database.yml
  [1m[36m (0.1ms)[0m  [1mSELECT "schema_migrations"."version" FROM "schema_migrations" [0m
  [1m[35m (0.1ms)[0m  SELECT "schema_migrations"."version" FROM "schema_migrations" 
Migrating to CreateResourceB (20160212213438)
  [1m[36m (0.0ms)[0m  [1mselect sqlite_version(*)[0m
  [1m[35m (0.0ms)[0m  begin transaction
  [1m[36m (0.4ms)[0m  [1mDROP TABLE "resource_b"[0m
  [1m[35m (0.1ms)[0m  DELETE FROM "schema_migrations" WHERE "schema_migrations"."version" = '20160212213438'
  [1m[36m (2.6ms)[0m  [1mcommit transaction[0m
  [1m[35m (0.1ms)[0m  SELECT "schema_migrations"."version" FROM "schema_migrations" 
Connecting to database specified by database.yml
  [1m[36m (0.1ms)[0m  [1mSELECT "schema_migrations"."version" FROM "schema_migrations" [0m
  [1m[35m (0.1ms)[0m  SELECT "schema_migrations"."version" FROM "schema_migrations" 
Migrating to CreateResourceA (20160212213202)
  [1m[36m (0.0ms)[0m  [1mselect sqlite_version(*)[0m
  [1m[35m (0.0ms)[0m  begin transaction
  [1m[36m (0.4ms)[0m  [1mDROP TABLE "resource_a"[0m
  [1m[35m (0.1ms)[0m  DELETE FROM "schema_migrations" WHERE "schema_migrations"."version" = '20160212213202'
  [1m[36m (1.3ms)[0m  [1mcommit transaction[0m
  [1m[35m (0.0ms)[0m  SELECT "schema_migrations"."version" FROM "schema_migrations" 
Connecting to database specified by database.yml
  [1m[36m (0.1ms)[0m  [1mSELECT "schema_migrations"."version" FROM "schema_migrations" [0m
Migrating to CreateResourceA (20160212213202)
  [1m[35m (0.0ms)[0m  select sqlite_version(*)
  [1m[36m (0.0ms)[0m  [1mbegin transaction[0m
  [1m[35m (0.4ms)[0m  CREATE TABLE "resource_a" ("id" INTEGER PRIMARY KEY AUTOINCREMENT NOT NULL, "created_at" datetime NOT NULL, "updated_at" datetime NOT NULL, "explicit_attr" varchar(255), "implicit_attr" varchar(255), "custom_attr" varchar(255), "nested_accessor" varchar(255), "dynamic_accessor" varchar(255), "private_accessor" varchar(255), "aliased_accessor" varchar(255), "from_accessor" varchar(255), "to_accessor" varchar(255), "compound_accessor" varchar(255), "nested_compound_accessor" varchar(255), "unexposed_attr" varchar(255)) 
  [1m[36m (0.1ms)[0m  [1mINSERT INTO "schema_migrations" ("version") VALUES ('20160212213202')[0m
  [1m[35m (2.5ms)[0m  commit transaction
Migrating to CreateResourceB (20160212213438)
  [1m[36m (0.0ms)[0m  [1mbegin transaction[0m
  [1m[35m (0.4ms)[0m  CREATE TABLE "resource_b" ("id" INTEGER PRIMARY KEY AUTOINCREMENT NOT NULL, "created_at" datetime NOT NULL, "updated_at" datetime NOT NULL, "explicit_attr" varchar(255), "implicit_attr" varchar(255), "custom_attr" varchar(255), "nested_accessor" varchar(255), "dynamic_accessor" varchar(255), "private_accessor" varchar(255), "aliased_accessor" varchar(255), "from_accessor" varchar(255), "to_accessor" varchar(255), "compound_accessor" varchar(255), "nested_compound_accessor" varchar(255), "unexposed_attr" varchar(255)) 
  [1m[36m (0.1ms)[0m  [1mINSERT INTO "schema_migrations" ("version") VALUES ('20160212213438')[0m
  [1m[35m (0.5ms)[0m  commit transaction
  [1m[36m (0.1ms)[0m  [1mSELECT "schema_migrations"."version" FROM "schema_migrations" [0m
Connecting to database specified by database.yml
  [1m[36m (0.1ms)[0m  [1mSELECT "schema_migrations"."version" FROM "schema_migrations" [0m
  [1m[35m (0.1ms)[0m  SELECT "schema_migrations"."version" FROM "schema_migrations" 
Migrating to CreateResourceB (20160212213438)
  [1m[36m (0.0ms)[0m  [1mselect sqlite_version(*)[0m
  [1m[35m (0.0ms)[0m  begin transaction
  [1m[36m (0.5ms)[0m  [1mDROP TABLE "resource_b"[0m
  [1m[35m (0.1ms)[0m  DELETE FROM "schema_migrations" WHERE "schema_migrations"."version" = '20160212213438'
  [1m[36m (3.5ms)[0m  [1mcommit transaction[0m
  [1m[35m (0.1ms)[0m  SELECT "schema_migrations"."version" FROM "schema_migrations" 
Connecting to database specified by database.yml
  [1m[36m (0.1ms)[0m  [1mSELECT "schema_migrations"."version" FROM "schema_migrations" [0m
  [1m[35m (0.1ms)[0m  SELECT "schema_migrations"."version" FROM "schema_migrations" 
Migrating to CreateResourceA (20160212213202)
  [1m[36m (0.0ms)[0m  [1mselect sqlite_version(*)[0m
  [1m[35m (0.1ms)[0m  begin transaction
  [1m[36m (0.5ms)[0m  [1mDROP TABLE "resource_a"[0m
  [1m[35m (0.1ms)[0m  DELETE FROM "schema_migrations" WHERE "schema_migrations"."version" = '20160212213202'
  [1m[36m (3.4ms)[0m  [1mcommit transaction[0m
  [1m[35m (0.1ms)[0m  SELECT "schema_migrations"."version" FROM "schema_migrations" 
Connecting to database specified by database.yml
  [1m[36m (0.1ms)[0m  [1mSELECT "schema_migrations"."version" FROM "schema_migrations" [0m
Migrating to CreateResourceAs (20160212213202)
  [1m[35m (0.0ms)[0m  select sqlite_version(*)
  [1m[36m (0.0ms)[0m  [1mbegin transaction[0m
  [1m[35m (0.4ms)[0m  CREATE TABLE "resource_as" ("id" INTEGER PRIMARY KEY AUTOINCREMENT NOT NULL, "created_at" datetime NOT NULL, "updated_at" datetime NOT NULL, "explicit_attr" varchar(255), "implicit_attr" varchar(255), "custom_attr" varchar(255), "nested_accessor" varchar(255), "dynamic_accessor" varchar(255), "private_accessor" varchar(255), "aliased_accessor" varchar(255), "from_accessor" varchar(255), "to_accessor" varchar(255), "compound_accessor" varchar(255), "nested_compound_accessor" varchar(255), "unexposed_attr" varchar(255)) 
  [1m[36m (0.1ms)[0m  [1mINSERT INTO "schema_migrations" ("version") VALUES ('20160212213202')[0m
  [1m[35m (2.4ms)[0m  commit transaction
Migrating to CreateResourceBs (20160212213438)
  [1m[36m (0.0ms)[0m  [1mbegin transaction[0m
  [1m[35m (0.4ms)[0m  CREATE TABLE "resource_bs" ("id" INTEGER PRIMARY KEY AUTOINCREMENT NOT NULL, "created_at" datetime NOT NULL, "updated_at" datetime NOT NULL, "explicit_attr" varchar(255), "implicit_attr" varchar(255), "custom_attr" varchar(255), "nested_accessor" varchar(255), "dynamic_accessor" varchar(255), "private_accessor" varchar(255), "aliased_accessor" varchar(255), "from_accessor" varchar(255), "to_accessor" varchar(255), "compound_accessor" varchar(255), "nested_compound_accessor" varchar(255), "unexposed_attr" varchar(255)) 
  [1m[36m (0.1ms)[0m  [1mINSERT INTO "schema_migrations" ("version") VALUES ('20160212213438')[0m
  [1m[35m (0.5ms)[0m  commit transaction
  [1m[36m (0.1ms)[0m  [1mSELECT "schema_migrations"."version" FROM "schema_migrations" [0m
Connecting to database specified by database.yml
Connecting to database specified by database.yml
Connecting to database specified by database.yml
Connecting to database specified by database.yml
  [1m[36m (0.1ms)[0m  [1mSELECT "schema_migrations"."version" FROM "schema_migrations" [0m
Migrating to CreateResourceAs (20160212213202)
Migrating to CreateResourceBs (20160212213438)
  [1m[35m (0.0ms)[0m  select sqlite_version(*)
  [1m[36m (0.1ms)[0m  [1mSELECT "schema_migrations"."version" FROM "schema_migrations" [0m
Connecting to database specified by database.yml
  [1m[36m (0.1ms)[0m  [1mSELECT "schema_migrations"."version" FROM "schema_migrations" [0m
  [1m[35m (0.1ms)[0m  SELECT "schema_migrations"."version" FROM "schema_migrations" 
Migrating to CreateResourceBs (20160212213438)
  [1m[36m (0.0ms)[0m  [1mselect sqlite_version(*)[0m
  [1m[35m (0.0ms)[0m  begin transaction
  [1m[36m (0.4ms)[0m  [1mDROP TABLE "resource_bs"[0m
  [1m[35m (0.1ms)[0m  DELETE FROM "schema_migrations" WHERE "schema_migrations"."version" = '20160212213438'
  [1m[36m (2.4ms)[0m  [1mcommit transaction[0m
  [1m[35m (0.1ms)[0m  SELECT "schema_migrations"."version" FROM "schema_migrations" 
Connecting to database specified by database.yml
  [1m[36m (0.1ms)[0m  [1mSELECT "schema_migrations"."version" FROM "schema_migrations" [0m
Migrating to CreateResourceAs (20160212213202)
Migrating to CreateResourceBs (20160212213438)
  [1m[35m (0.0ms)[0m  select sqlite_version(*)
  [1m[36m (0.0ms)[0m  [1mbegin transaction[0m
  [1m[35m (0.5ms)[0m  CREATE TABLE "resource_bs" ("id" INTEGER PRIMARY KEY AUTOINCREMENT NOT NULL, "created_at" datetime NOT NULL, "updated_at" datetime NOT NULL, "explicit_attr" varchar(255), "implicit_attr" varchar(255), "custom_attr" varchar(255), "nested_accessor" varchar(255), "dynamic_accessor" varchar(255), "private_accessor" varchar(255), "aliased_accessor" varchar(255), "from_accessor" varchar(255), "to_accessor" varchar(255), "compound_accessor" varchar(255), "nested_compound_accessor" varchar(255), "unexposed_attr" varchar(255)) 
  [1m[36m (0.1ms)[0m  [1mINSERT INTO "schema_migrations" ("version") VALUES ('20160212213438')[0m
  [1m[35m (2.5ms)[0m  commit transaction
  [1m[36m (0.1ms)[0m  [1mSELECT "schema_migrations"."version" FROM "schema_migrations" [0m
Connecting to database specified by database.yml
  [1m[36m (0.1ms)[0m  [1mSELECT "schema_migrations"."version" FROM "schema_migrations" [0m
  [1m[35m (0.2ms)[0m  select sqlite_version(*)
  [1m[36m (1.0ms)[0m  [1mCREATE TABLE "resource_as" ("id" INTEGER PRIMARY KEY AUTOINCREMENT NOT NULL, "created_at" datetime NOT NULL, "updated_at" datetime NOT NULL, "explicit_attr" varchar(255), "implicit_attr" varchar(255), "custom_attr" varchar(255), "nested_accessor" varchar(255), "dynamic_accessor" varchar(255), "private_accessor" varchar(255), "aliased_accessor" varchar(255), "from_accessor" varchar(255), "to_accessor" varchar(255), "compound_accessor" varchar(255), "nested_compound_accessor" varchar(255), "unexposed_attr" varchar(255)) [0m
  [1m[35m (0.8ms)[0m  CREATE TABLE "resource_bs" ("id" INTEGER PRIMARY KEY AUTOINCREMENT NOT NULL, "created_at" datetime NOT NULL, "updated_at" datetime NOT NULL, "explicit_attr" varchar(255), "implicit_attr" varchar(255), "custom_attr" varchar(255), "nested_accessor" varchar(255), "dynamic_accessor" varchar(255), "private_accessor" varchar(255), "aliased_accessor" varchar(255), "from_accessor" varchar(255), "to_accessor" varchar(255), "compound_accessor" varchar(255), "nested_compound_accessor" varchar(255), "unexposed_attr" varchar(255)) 
  [1m[36m (0.8ms)[0m  [1mCREATE TABLE "schema_migrations" ("version" varchar(255) NOT NULL) [0m
  [1m[35m (0.7ms)[0m  CREATE UNIQUE INDEX "unique_schema_migrations" ON "schema_migrations" ("version")
  [1m[36m (0.1ms)[0m  [1mSELECT version FROM "schema_migrations"[0m
  [1m[35m (0.7ms)[0m  INSERT INTO "schema_migrations" (version) VALUES ('20160212213438')
  [1m[36m (0.6ms)[0m  [1mINSERT INTO "schema_migrations" (version) VALUES ('20160212213202')[0m
Connecting to database specified by database.yml
  [1m[36m (0.1ms)[0m  [1mSELECT "schema_migrations"."version" FROM "schema_migrations" [0m
Migrating to CreateResourceAs (20160212213202)
Migrating to CreateResourceBs (20160212213438)
  [1m[35m (0.0ms)[0m  select sqlite_version(*)
  [1m[36m (0.1ms)[0m  [1mSELECT "schema_migrations"."version" FROM "schema_migrations" [0m
Connecting to database specified by database.yml
  [1m[36m (0.1ms)[0m  [1mSELECT "schema_migrations"."version" FROM "schema_migrations" [0m
Migrating to CreateResourceAs (20160212213202)
Migrating to CreateResourceBs (20160212213438)
  [1m[35m (0.0ms)[0m  select sqlite_version(*)
  [1m[36m (0.1ms)[0m  [1mSELECT "schema_migrations"."version" FROM "schema_migrations" [0m
